Build started 3/5/2013 11:14:46 AM.
     1>Project "C:\Users\Admin\Desktop\test\commAudio\Client\Client\Client.vcxproj" on node 2 (build target(s)).
     1>InitializeBuildStatus:
         Creating "Debug\Client.unsuccessfulbuild" because "AlwaysCreate" was specified.
       ClCompile:
         All outputs are up-to-date.
       ResourceCompile:
         All outputs are up-to-date.
       ManifestResourceCompile:
         All outputs are up-to-date.
       Link:
         All outputs are up-to-date.
       Manifest:
         All outputs are up-to-date.
       FinalizeBuildStatus:
         Deleting file "Debug\Client.unsuccessfulbuild".
         Touching "Debug\Client.lastbuildstate".
     1>Done Building Project "C:\Users\Admin\Desktop\test\commAudio\Client\Client\Client.vcxproj" (build target(s)).

Build succeeded.

Time Elapsed 00:00:00.03
