C:\USERS\ADMIN\DESKTOP\TEMP\COMMAUDIO\CLIENT\CLIENT\DEBUG\CLIENT.EXE.EMBED.MANIFEST.RES
C:\USERS\ADMIN\DESKTOP\TEMP\COMMAUDIO\CLIENT\CLIENT\DEBUG\CLIENT.EXE.INTERMEDIATE.MANIFEST
C:\USERS\ADMIN\DESKTOP\TEMP\COMMAUDIO\CLIENT\CLIENT\DEBUG\CLIENT.RES
C:\USERS\ADMIN\DESKTOP\TEMP\COMMAUDIO\CLIENT\CLIENT\DEBUG\CLIENT_MAIN.OBJ
C:\USERS\ADMIN\DESKTOP\TEMP\COMMAUDIO\CLIENT\CLIENT\DEBUG\VC100.PDB
C:\USERS\ADMIN\DESKTOP\TEMP\COMMAUDIO\CLIENT\DEBUG\CLIENT.EXE
C:\USERS\ADMIN\DESKTOP\TEMP\COMMAUDIO\CLIENT\DEBUG\CLIENT.ILK
C:\USERS\ADMIN\DESKTOP\TEMP\COMMAUDIO\CLIENT\DEBUG\CLIENT.PDB
C:\USERS\ADMIN\DESKTOP\TEST\COMMAUDIO\CLIENT\CLIENT\DEBUG\CLIENT_MAIN.OBJ
C:\USERS\ADMIN\DESKTOP\TEST\COMMAUDIO\CLIENT\CLIENT\DEBUG\VC100.PDB
C:\Users\Steve Asus\Documents\BCIT\Term 4\COMP4985\Assignments\commAudio\Client\Client\Debug\cl.command.1.tlog
C:\Users\Steve Asus\Documents\BCIT\Term 4\COMP4985\Assignments\commAudio\Client\Client\Debug\CL.read.1.tlog
C:\Users\Steve Asus\Documents\BCIT\Term 4\COMP4985\Assignments\commAudio\Client\Client\Debug\CL.write.1.tlog
C:\USERS\STEVE ASUS\DOCUMENTS\BCIT\TERM 4\COMP4985\ASSIGNMENTS\COMMAUDIO\CLIENT\CLIENT\DEBUG\CLIENT.EXE.EMBED.MANIFEST
C:\USERS\STEVE ASUS\DOCUMENTS\BCIT\TERM 4\COMP4985\ASSIGNMENTS\COMMAUDIO\CLIENT\CLIENT\DEBUG\CLIENT.EXE.EMBED.MANIFEST.RES
C:\USERS\STEVE ASUS\DOCUMENTS\BCIT\TERM 4\COMP4985\ASSIGNMENTS\COMMAUDIO\CLIENT\CLIENT\DEBUG\CLIENT.EXE.INTERMEDIATE.MANIFEST
C:\USERS\STEVE ASUS\DOCUMENTS\BCIT\TERM 4\COMP4985\ASSIGNMENTS\COMMAUDIO\CLIENT\CLIENT\DEBUG\CLIENT.RES
C:\USERS\STEVE ASUS\DOCUMENTS\BCIT\TERM 4\COMP4985\ASSIGNMENTS\COMMAUDIO\CLIENT\CLIENT\DEBUG\CLIENT_MAIN.OBJ
C:\Users\Steve Asus\Documents\BCIT\Term 4\COMP4985\Assignments\commAudio\Client\Client\Debug\Client_manifest.rc
C:\Users\Steve Asus\Documents\BCIT\Term 4\COMP4985\Assignments\commAudio\Client\Client\Debug\link.7336.read.1.tlog
C:\Users\Steve Asus\Documents\BCIT\Term 4\COMP4985\Assignments\commAudio\Client\Client\Debug\link.7336.write.1.tlog
C:\Users\Steve Asus\Documents\BCIT\Term 4\COMP4985\Assignments\commAudio\Client\Client\Debug\link.7336-cvtres.read.1.tlog
C:\Users\Steve Asus\Documents\BCIT\Term 4\COMP4985\Assignments\commAudio\Client\Client\Debug\link.7336-cvtres.write.1.tlog
C:\Users\Steve Asus\Documents\BCIT\Term 4\COMP4985\Assignments\commAudio\Client\Client\Debug\link.command.1.tlog
C:\Users\Steve Asus\Documents\BCIT\Term 4\COMP4985\Assignments\commAudio\Client\Client\Debug\link.read.1.tlog
C:\Users\Steve Asus\Documents\BCIT\Term 4\COMP4985\Assignments\commAudio\Client\Client\Debug\link.write.1.tlog
C:\Users\Steve Asus\Documents\BCIT\Term 4\COMP4985\Assignments\commAudio\Client\Client\Debug\link-cvtres.read.1.tlog
C:\Users\Steve Asus\Documents\BCIT\Term 4\COMP4985\Assignments\commAudio\Client\Client\Debug\link-cvtres.write.1.tlog
C:\Users\Steve Asus\Documents\BCIT\Term 4\COMP4985\Assignments\commAudio\Client\Client\Debug\mt.command.1.tlog
C:\Users\Steve Asus\Documents\BCIT\Term 4\COMP4985\Assignments\commAudio\Client\Client\Debug\mt.read.1.tlog
C:\Users\Steve Asus\Documents\BCIT\Term 4\COMP4985\Assignments\commAudio\Client\Client\Debug\mt.write.1.tlog
C:\Users\Steve Asus\Documents\BCIT\Term 4\COMP4985\Assignments\commAudio\Client\Client\Debug\rc.command.1.tlog
C:\Users\Steve Asus\Documents\BCIT\Term 4\COMP4985\Assignments\commAudio\Client\Client\Debug\rc.read.1.tlog
C:\Users\Steve Asus\Documents\BCIT\Term 4\COMP4985\Assignments\commAudio\Client\Client\Debug\rc.write.1.tlog
C:\Users\Steve Asus\Documents\BCIT\Term 4\COMP4985\Assignments\commAudio\Client\Client\Debug\vc100.idb
C:\USERS\STEVE ASUS\DOCUMENTS\BCIT\TERM 4\COMP4985\ASSIGNMENTS\COMMAUDIO\CLIENT\CLIENT\DEBUG\VC100.PDB
C:\USERS\STEVE ASUS\DOCUMENTS\BCIT\TERM 4\COMP4985\ASSIGNMENTS\COMMAUDIO\CLIENT\DEBUG\CLIENT.EXE
C:\USERS\STEVE ASUS\DOCUMENTS\BCIT\TERM 4\COMP4985\ASSIGNMENTS\COMMAUDIO\CLIENT\DEBUG\CLIENT.ILK
C:\USERS\STEVE ASUS\DOCUMENTS\BCIT\TERM 4\COMP4985\ASSIGNMENTS\COMMAUDIO\CLIENT\DEBUG\CLIENT.PDB
