Build started 3/21/2013 12:59:56 PM.
     1>Project "C:\Users\Steve Asus\Documents\BCIT\Term 4\COMP4985\Assignments\commAudio\server\server\server.vcxproj" on node 2 (build target(s)).
     1>InitializeBuildStatus:
         Creating "Debug\server.unsuccessfulbuild" because "AlwaysCreate" was specified.
       ClCompile:
         All outputs are up-to-date.
       ResourceCompile:
         All outputs are up-to-date.
       ManifestResourceCompile:
         All outputs are up-to-date.
       Link:
         All outputs are up-to-date.
       Manifest:
         All outputs are up-to-date.
       FinalizeBuildStatus:
         Deleting file "Debug\server.unsuccessfulbuild".
         Touching "Debug\server.lastbuildstate".
     1>Done Building Project "C:\Users\Steve Asus\Documents\BCIT\Term 4\COMP4985\Assignments\commAudio\server\server\server.vcxproj" (build target(s)).

Build succeeded.

Time Elapsed 00:00:00.08
